{
  "0 debug pnpm:scope": {
    "selected": 1,
    "total": 3
  },
  "1 info pnpm": {
    "err": {
      "name": "Error",
      "message": "@dev-demands/server@1.0.0 start: `node main.js`\nExit status 1",
      "code": "ELIFECYCLE",
      "stack": "Error: @dev-demands/server@1.0.0 start: `node main.js`\nExit status 1\n    at EventEmitter.<anonymous> (/usr/local/lib/node_modules/pnpm/dist/pnpm.cjs:104575:20)\n    at EventEmitter.emit (events.js:315:20)\n    at ChildProcess.<anonymous> (/usr/local/lib/node_modules/pnpm/dist/pnpm.cjs:92564:18)\n    at ChildProcess.emit (events.js:315:20)\n    at maybeClose (internal/child_process.js:1048:16)\n    at Process.ChildProcess._handle.onexit (internal/child_process.js:288:5)"
    }
  },
  "2 error pnpm": {
    "errno": 1,
    "code": "ERR_PNPM_RECURSIVE_RUN_FIRST_FAIL",
    "pkgid": "@dev-demands/server@1.0.0",
    "stage": "start",
    "script": "node main.js",
    "pkgname": "@dev-demands/server",
    "prefix": "/Users/leticiaoliveira/Documents/GitHub/gama-start-tech-scholarship-program/07-graphql/client-server-exemple/packages/server",
    "err": {
      "name": "pnpm",
      "message": "@dev-demands/server@1.0.0 start: `node main.js`\nExit status 1",
      "code": "ERR_PNPM_RECURSIVE_RUN_FIRST_FAIL",
      "stack": "Error: @dev-demands/server@1.0.0 start: `node main.js`\nExit status 1\n    at EventEmitter.<anonymous> (/usr/local/lib/node_modules/pnpm/dist/pnpm.cjs:104575:20)\n    at EventEmitter.emit (events.js:315:20)\n    at ChildProcess.<anonymous> (/usr/local/lib/node_modules/pnpm/dist/pnpm.cjs:92564:18)\n    at ChildProcess.emit (events.js:315:20)\n    at maybeClose (internal/child_process.js:1048:16)\n    at Process.ChildProcess._handle.onexit (internal/child_process.js:288:5)"
    }
  }
}